<?xml version="1.0" encoding="UTF-8"?>
<!-- Generated by org.testng.reporters.JUnitXMLReporter -->
<testsuite ignored="0" hostname="HW0847" failures="0" tests="2" name="Test" time="0.062" errors="0" timestamp="2026-05-19T15:18:41 IST">
  <testcase classname="com.vit.TestingwithNg.base.BaseTest" name="@BeforeClass setUp" time="-1.779184120999E9">
    <failure type="org.testng.TestNGException" message="
Parameter &amp;apos;browser&amp;apos; is required by BeforeClass on method setUp but has not been marked @Optional or defined
in C:\Automation Testing\Automation WorkSpace\TestingwithNg\testng.xml">
      <![CDATA[org.testng.TestNGException: 
Parameter 'browser' is required by BeforeClass on method setUp but has not been marked @Optional or defined
in C:\Automation Testing\Automation WorkSpace\TestingwithNg\testng.xml
at java.base/java.util.ArrayList.forEach(ArrayList.java:1511)
... Removed 22 stack frames]]>
    </failure>
  </testcase> <!-- @BeforeClass setUp -->
  <testcase classname="com.vit.TestingwithNg.tests.LoginTest" name="@BeforeMethod initPage" time="0.0">
    <skipped/>
  </testcase> <!-- @BeforeMethod initPage -->
  <testcase classname="com.vit.TestingwithNg.tests.LoginTest" name="@BeforeMethod initPage" time="0.0">
    <skipped/>
  </testcase> <!-- @BeforeMethod initPage -->
  <testcase classname="com.vit.TestingwithNg.base.BaseTest" name="@AfterClass tearDown" time="0.0">
    <skipped/>
  </testcase> <!-- @AfterClass tearDown -->
  <testcase classname="com.vit.TestingwithNg.tests.LoginTest" name="testInvalidLogin" time="0.0">
    <skipped/>
  </testcase> <!-- testInvalidLogin -->
  <testcase classname="com.vit.TestingwithNg.tests.LoginTest" name="testValidLogin" time="0.0">
    <skipped/>
  </testcase> <!-- testValidLogin -->
</testsuite> <!-- Test -->
