<?xml version="1.0" encoding="UTF-8"?>
<testng-results ignored="0" total="2" passed="2" failed="0" skipped="0">
  <reporter-output>
  </reporter-output>
  <suite started-at="2026-05-21T09:58:35 IST" name="Default suite" finished-at="2026-05-21T09:59:14 IST" duration-ms="38268">
    <groups>
    </groups>
    <test started-at="2026-05-21T09:58:35 IST" name="Default test" finished-at="2026-05-21T09:59:14 IST" duration-ms="38268">
      <class name="com.vit.TestingwithNg.tests.LoginTest">
        <test-method is-config="true" signature="setUp()[pri:0, instance:com.vit.TestingwithNg.tests.LoginTest@3857f613]" started-at="2026-05-21T09:58:35 IST" name="setUp" finished-at="2026-05-21T09:59:07 IST" duration-ms="31433" status="PASS">
          <reporter-output>
          </reporter-output>
        </test-method> <!-- setUp -->
        <test-method signature="testValidLogin()[pri:1, instance:com.vit.TestingwithNg.tests.LoginTest@3857f613]" started-at="2026-05-21T09:59:07 IST" name="testValidLogin" description="Valid login test with screenshot" finished-at="2026-05-21T09:59:07 IST" duration-ms="474" status="PASS">
          <reporter-output>
          </reporter-output>
        </test-method> <!-- testValidLogin -->
        <test-method is-config="true" signature="tearDown()[pri:0, instance:com.vit.TestingwithNg.tests.LoginTest@3857f613]" started-at="2026-05-21T09:59:08 IST" name="tearDown" finished-at="2026-05-21T09:59:08 IST" duration-ms="295" status="PASS">
          <reporter-output>
          </reporter-output>
        </test-method> <!-- tearDown -->
        <test-method is-config="true" signature="setUp()[pri:0, instance:com.vit.TestingwithNg.tests.LoginTest@3857f613]" started-at="2026-05-21T09:59:08 IST" name="setUp" finished-at="2026-05-21T09:59:13 IST" duration-ms="5171" status="PASS">
          <reporter-output>
          </reporter-output>
        </test-method> <!-- setUp -->
        <test-method signature="testInvalidLogin()[pri:2, instance:com.vit.TestingwithNg.tests.LoginTest@3857f613]" started-at="2026-05-21T09:59:13 IST" name="testInvalidLogin" description="Invalid login test with screenshot" finished-at="2026-05-21T09:59:13 IST" duration-ms="366" status="PASS">
          <reporter-output>
          </reporter-output>
        </test-method> <!-- testInvalidLogin -->
        <test-method is-config="true" signature="tearDown()[pri:0, instance:com.vit.TestingwithNg.tests.LoginTest@3857f613]" started-at="2026-05-21T09:59:13 IST" name="tearDown" finished-at="2026-05-21T09:59:14 IST" duration-ms="239" status="PASS">
          <reporter-output>
          </reporter-output>
        </test-method> <!-- tearDown -->
      </class> <!-- com.vit.TestingwithNg.tests.LoginTest -->
    </test> <!-- Default test -->
  </suite> <!-- Default suite -->
</testng-results>
