<?xml version="1.0" encoding="UTF-8"?>
<!-- Generated by org.testng.reporters.JUnitXMLReporter -->
<testsuite ignored="0" hostname="HW0847" failures="0" tests="5" name="All Tests" time="32.718" errors="0" timestamp="2026-05-20T23:53:31 IST">
  <testcase classname="com.vit.TestingwithNg.tests.LoginTest" name="testValidLogin" time="0.584"/>
  <testcase classname="com.vit.TestingwithNg.tests.LoginTest" name="testInvalidLogin" time="1.325"/>
  <testcase classname="com.vit.TestingwithNg.tests.ProductTest" name="testAddTwoProductsToCart" time="0.19"/>
  <testcase classname="com.vit.TestingwithNg.tests.CartTest" name="testCartHasTwoItems" time="0.073"/>
  <testcase classname="com.vit.TestingwithNg.tests.CheckoutTest" name="testCompleteCheckout" time="15.27"/>
</testsuite> <!-- All Tests -->
