<?xml version="1.0" encoding="UTF-8"?>
<!-- Generated by org.testng.reporters.JUnitReportReporter -->
<testsuite hostname="HW0847" failures="0" tests="2" name="com.vit.TestingwithNg.tests.LoginTest" time="37.978" errors="0" timestamp="2026-05-21T09:59:14 IST" skipped="0">
  <testcase classname="com.vit.TestingwithNg.tests.LoginTest" name="testValidLogin" time="32.146"/>
  <testcase classname="com.vit.TestingwithNg.tests.LoginTest" name="testInvalidLogin" time="5.832"/>
</testsuite> <!-- com.vit.TestingwithNg.tests.LoginTest -->
